Compiled jquery.js  (2ms)  (pid 1869)
Compiled jquery_ujs.js  (0ms)  (pid 1869)
Compiled twitter/bootstrap/bootstrap-transition.js  (0ms)  (pid 1869)
Compiled twitter/bootstrap/bootstrap-alert.js  (0ms)  (pid 1869)
Compiled twitter/bootstrap/bootstrap-modal.js  (0ms)  (pid 1869)
Compiled twitter/bootstrap/bootstrap-dropdown.js  (0ms)  (pid 1869)
Compiled twitter/bootstrap/bootstrap-scrollspy.js  (0ms)  (pid 1869)
Compiled twitter/bootstrap/bootstrap-tab.js  (0ms)  (pid 1869)
Compiled twitter/bootstrap/bootstrap-tooltip.js  (0ms)  (pid 1869)
Compiled twitter/bootstrap/bootstrap-popover.js  (0ms)  (pid 1869)
Compiled twitter/bootstrap/bootstrap-button.js  (0ms)  (pid 1869)
Compiled twitter/bootstrap/bootstrap-collapse.js  (0ms)  (pid 1869)
Compiled twitter/bootstrap/bootstrap-carousel.js  (0ms)  (pid 1869)
Compiled twitter/bootstrap/bootstrap-typeahead.js  (0ms)  (pid 1869)
Compiled twitter/bootstrap/bootstrap-affix.js  (0ms)  (pid 1869)
Compiled twitter/bootstrap.js  (164ms)  (pid 1869)
Compiled articles.js  (58ms)  (pid 1869)
Compiled bootstrap.js  (12ms)  (pid 1869)
Compiled comments.js  (1ms)  (pid 1869)
Compiled messages.js  (1ms)  (pid 1869)
Compiled pages.js  (0ms)  (pid 1869)
Compiled sections.js  (0ms)  (pid 1869)
Compiled sessions.js  (1ms)  (pid 1869)
Compiled sources.js  (1ms)  (pid 1869)
Compiled sub_sections.js  (1ms)  (pid 1869)
Compiled titles.js  (0ms)  (pid 1869)
Compiled users.js  (0ms)  (pid 1869)
Compiled application.js  (1068ms)  (pid 1869)
Compiled articles.css  (10ms)  (pid 1869)
Compiled bootstrap_and_overrides.css  (1036ms)  (pid 1869)
Compiled comments.css  (1ms)  (pid 1869)
Compiled messages.css  (2ms)  (pid 1869)
Compiled pages.css  (2ms)  (pid 1869)
Compiled sections.css  (1ms)  (pid 1869)
Compiled sessions.css  (1ms)  (pid 1869)
Compiled sources.css  (2ms)  (pid 1869)
Compiled sub_sections.css  (1ms)  (pid 1869)
Compiled titles.css  (1ms)  (pid 1869)
Compiled users.css  (2ms)  (pid 1869)
Compiled application.css  (1371ms)  (pid 1869)
Compiled jquery.js  (2ms)  (pid 1869)
Compiled jquery_ujs.js  (0ms)  (pid 1869)
Compiled twitter/bootstrap/bootstrap-transition.js  (0ms)  (pid 1869)
Compiled twitter/bootstrap/bootstrap-alert.js  (0ms)  (pid 1869)
Compiled twitter/bootstrap/bootstrap-modal.js  (0ms)  (pid 1869)
Compiled twitter/bootstrap/bootstrap-dropdown.js  (0ms)  (pid 1869)
Compiled twitter/bootstrap/bootstrap-scrollspy.js  (0ms)  (pid 1869)
Compiled twitter/bootstrap/bootstrap-tab.js  (0ms)  (pid 1869)
Compiled twitter/bootstrap/bootstrap-tooltip.js  (0ms)  (pid 1869)
Compiled twitter/bootstrap/bootstrap-popover.js  (0ms)  (pid 1869)
Compiled twitter/bootstrap/bootstrap-button.js  (0ms)  (pid 1869)
Compiled twitter/bootstrap/bootstrap-collapse.js  (0ms)  (pid 1869)
Compiled twitter/bootstrap/bootstrap-carousel.js  (0ms)  (pid 1869)
Compiled twitter/bootstrap/bootstrap-typeahead.js  (0ms)  (pid 1869)
Compiled twitter/bootstrap/bootstrap-affix.js  (0ms)  (pid 1869)
Compiled twitter/bootstrap.js  (177ms)  (pid 1869)
Compiled articles.js  (57ms)  (pid 1869)
Compiled bootstrap.js  (7ms)  (pid 1869)
Compiled comments.js  (0ms)  (pid 1869)
Compiled messages.js  (0ms)  (pid 1869)
Compiled pages.js  (1ms)  (pid 1869)
Compiled sections.js  (0ms)  (pid 1869)
Compiled sessions.js  (0ms)  (pid 1869)
Compiled sources.js  (0ms)  (pid 1869)
Compiled sub_sections.js  (0ms)  (pid 1869)
Compiled titles.js  (1ms)  (pid 1869)
Compiled users.js  (0ms)  (pid 1869)
Compiled application.js  (738ms)  (pid 1869)
Compiled articles.css  (8ms)  (pid 1869)
Compiled bootstrap_and_overrides.css  (967ms)  (pid 1869)
Compiled comments.css  (1ms)  (pid 1869)
Compiled messages.css  (1ms)  (pid 1869)
Compiled pages.css  (1ms)  (pid 1869)
Compiled sections.css  (1ms)  (pid 1869)
Compiled sessions.css  (1ms)  (pid 1869)
Compiled sources.css  (1ms)  (pid 1869)
Compiled sub_sections.css  (0ms)  (pid 1869)
Compiled titles.css  (1ms)  (pid 1869)
Compiled users.css  (10ms)  (pid 1869)
Compiled application.css  (1148ms)  (pid 1869)
Connecting to database specified by database.yml
Started GET "/" for 127.0.0.1 at 2013-04-30 11:51:22 -0600
Processing by ArticlesController#index as HTML
  Rendered articles/index.html.erb within layouts/application (10.2ms)
Completed 500 Internal Server Error in 55ms

ActionView::Template::Error (Could not find table 'articles'):
    1: <div class = 'center'>
    2: 	<% @articles.each do |article| %>
    3: 	    <div class = 'general-content'>
    4: 	    	<div class = 'title'><%= link_to article.main_title, article_path(article) %></div>
    5: 	    	<div class = 'title main-title-small'><%= stringify_titles(article.article_titles) %></div>
  app/views/articles/index.html.erb:2:in `_app_views_articles_index_html_erb__1980086444620879347_70173982064960'


Connecting to database specified by database.yml
Migrating to CreateArticles (20130117182542)
Migrating to CreateUsers (20130117182748)
Migrating to CreateSections (20130123014617)
Migrating to CreateSubSectionTable (20130127154135)
Migrating to CreateArticleTitlesTable (20130127154713)
Migrating to CreateSubSectionTitles (20130127234115)
Migrating to CreateSectionTitles (20130127234210)
Migrating to AddAdminField (20130220014133)
Migrating to AddCommentsTable (20130220024007)
Migrating to CreateSources (20130221214714)
Migrating to CreateSourceTypes (20130221214845)
Migrating to CreateMessages (20130222053305)
Migrating to CreateMessageTypes (20130416190918)
Migrating to AddArticleToMessages (20130416192810)
Migrating to ChangeNameOfMessages (20130417024716)
Migrating to RenameMessageFieldToText (20130420190655)
Migrating to AddOneTitleToArticle (20130421175000)
Connecting to database specified by database.yml
Started GET "/" for 127.0.0.1 at 2013-04-30 11:51:58 -0600
Processing by ArticlesController#index as HTML
  Rendered articles/index.html.erb within layouts/application (6.1ms)
Completed 200 OK in 57ms (Views: 20.6ms | ActiveRecord: 1.9ms)
Started GET "/assets/application-9b1e91febdefc0fe628270b93ee62481.js" for 127.0.0.1 at 2013-04-30 11:51:58 -0600
Error compiling asset application.js:
Sprockets::FileNotFound: couldn't find file 'twitter/bootstrap'
  (in /Volumes/THEBOSSMINI/rails_projects/KnowYourFood/app/assets/javascripts/application.js:15)
Served asset /application-9b1e91febdefc0fe628270b93ee62481.js - 500 Internal Server Error


Started GET "/assets/application-208c134163d56654984d9ca444a4d14e.css" for 127.0.0.1 at 2013-04-30 11:51:58 -0600
Compiled about.css  (0ms)  (pid 549)
Compiled admin_messages.css  (0ms)  (pid 549)
Compiled articles.css  (0ms)  (pid 549)
Error compiling asset application.css:
Less::ParseError: 'twitter/bootstrap/bootstrap.less' wasn't found.

  (in /Volumes/THEBOSSMINI/rails_projects/KnowYourFood/app/assets/stylesheets/bootstrap_and_overrides.css.less)
Served asset /application-208c134163d56654984d9ca444a4d14e.css - 500 Internal Server Error


Started GET "/assets/find-f72764c85fe9e1df067cc6e0192b5a6d.png" for 127.0.0.1 at 2013-04-30 11:51:58 -0600
Served asset /find-f72764c85fe9e1df067cc6e0192b5a6d.png - 200 OK (0ms)
Compiled jquery.js  (2ms)  (pid 551)
Compiled jquery_ujs.js  (0ms)  (pid 551)
Compiled twitter/bootstrap/bootstrap-transition.js  (0ms)  (pid 551)
Compiled twitter/bootstrap/bootstrap-alert.js  (0ms)  (pid 551)
Compiled twitter/bootstrap/bootstrap-modal.js  (0ms)  (pid 551)
Compiled twitter/bootstrap/bootstrap-dropdown.js  (0ms)  (pid 551)
Compiled twitter/bootstrap/bootstrap-scrollspy.js  (0ms)  (pid 551)
Compiled twitter/bootstrap/bootstrap-tab.js  (0ms)  (pid 551)
Compiled twitter/bootstrap/bootstrap-tooltip.js  (0ms)  (pid 551)
Compiled twitter/bootstrap/bootstrap-popover.js  (0ms)  (pid 551)
Compiled twitter/bootstrap/bootstrap-button.js  (0ms)  (pid 551)
Compiled twitter/bootstrap/bootstrap-collapse.js  (0ms)  (pid 551)
Compiled twitter/bootstrap/bootstrap-carousel.js  (0ms)  (pid 551)
Compiled twitter/bootstrap/bootstrap-typeahead.js  (0ms)  (pid 551)
Compiled twitter/bootstrap/bootstrap-affix.js  (0ms)  (pid 551)
Compiled twitter/bootstrap.js  (4571ms)  (pid 551)
Compiled ajax.js  (78ms)  (pid 551)
Compiled articles.js  (0ms)  (pid 551)
Compiled bootstrap.js  (9ms)  (pid 551)
Compiled comments.js  (1ms)  (pid 551)
Compiled messages.js  (1ms)  (pid 551)
Compiled pages.js  (1ms)  (pid 551)
Compiled search.js  (1ms)  (pid 551)
Compiled sections.js  (1ms)  (pid 551)
Compiled sessions.js  (1ms)  (pid 551)
Compiled sources.js  (1ms)  (pid 551)
Compiled sub_sections.js  (0ms)  (pid 551)
Compiled titles.js  (1ms)  (pid 551)
Compiled users.js  (1ms)  (pid 551)
Compiled application.js  (13027ms)  (pid 551)
Compiled about.css  (0ms)  (pid 551)
Compiled admin_messages.css  (0ms)  (pid 551)
Compiled articles.css  (0ms)  (pid 551)
Compiled bootstrap_and_overrides.css  (2355ms)  (pid 551)
Compiled comments.css  (0ms)  (pid 551)
Compiled layout.css  (0ms)  (pid 551)
Compiled session.css  (0ms)  (pid 551)
Compiled sources.css  (0ms)  (pid 551)
Compiled application.css  (3967ms)  (pid 551)
Compiled jquery.js  (1ms)  (pid 551)
Compiled jquery_ujs.js  (0ms)  (pid 551)
Compiled twitter/bootstrap/bootstrap-transition.js  (0ms)  (pid 551)
Compiled twitter/bootstrap/bootstrap-alert.js  (0ms)  (pid 551)
Compiled twitter/bootstrap/bootstrap-modal.js  (0ms)  (pid 551)
Compiled twitter/bootstrap/bootstrap-dropdown.js  (0ms)  (pid 551)
Compiled twitter/bootstrap/bootstrap-scrollspy.js  (0ms)  (pid 551)
Compiled twitter/bootstrap/bootstrap-tab.js  (0ms)  (pid 551)
Compiled twitter/bootstrap/bootstrap-tooltip.js  (0ms)  (pid 551)
Compiled twitter/bootstrap/bootstrap-popover.js  (0ms)  (pid 551)
Compiled twitter/bootstrap/bootstrap-button.js  (0ms)  (pid 551)
Compiled twitter/bootstrap/bootstrap-collapse.js  (0ms)  (pid 551)
Compiled twitter/bootstrap/bootstrap-carousel.js  (0ms)  (pid 551)
Compiled twitter/bootstrap/bootstrap-typeahead.js  (0ms)  (pid 551)
Compiled twitter/bootstrap/bootstrap-affix.js  (0ms)  (pid 551)
Compiled twitter/bootstrap.js  (1034ms)  (pid 551)
Compiled ajax.js  (53ms)  (pid 551)
Compiled articles.js  (0ms)  (pid 551)
Compiled bootstrap.js  (7ms)  (pid 551)
Compiled comments.js  (0ms)  (pid 551)
Compiled messages.js  (0ms)  (pid 551)
Compiled pages.js  (0ms)  (pid 551)
Compiled search.js  (0ms)  (pid 551)
Compiled sections.js  (0ms)  (pid 551)
Compiled sessions.js  (0ms)  (pid 551)
Compiled sources.js  (0ms)  (pid 551)
Compiled sub_sections.js  (0ms)  (pid 551)
Compiled titles.js  (0ms)  (pid 551)
Compiled users.js  (0ms)  (pid 551)
Compiled application.js  (4927ms)  (pid 551)
Compiled about.css  (0ms)  (pid 551)
Compiled admin_messages.css  (0ms)  (pid 551)
Compiled articles.css  (0ms)  (pid 551)
Compiled bootstrap_and_overrides.css  (1562ms)  (pid 551)
Compiled comments.css  (0ms)  (pid 551)
Compiled layout.css  (0ms)  (pid 551)
Compiled session.css  (0ms)  (pid 551)
Compiled sources.css  (0ms)  (pid 551)
Compiled application.css  (4179ms)  (pid 551)
Connecting to database specified by database.yml
Started GET "/" for 127.0.0.1 at 2013-04-30 11:54:06 -0600
Processing by ArticlesController#index as HTML
  Rendered articles/index.html.erb within layouts/application (5.8ms)
Completed 200 OK in 54ms (Views: 17.7ms | ActiveRecord: 2.0ms)
Started GET "/assets/application-3c486b86a860ef6e5d66e1504d00b8a2.css" for 127.0.0.1 at 2013-04-30 11:54:06 -0600
Served asset /application-3c486b86a860ef6e5d66e1504d00b8a2.css - 200 OK (11ms)
Started GET "/assets/application-8a8b7a110d5082f9498e7c1b636ff9a9.js" for 127.0.0.1 at 2013-04-30 11:54:06 -0600
Error compiling asset application.js:
Sprockets::FileNotFound: couldn't find file 'twitter/bootstrap'
  (in /Volumes/THEBOSSMINI/rails_projects/KnowYourFood/app/assets/javascripts/application.js:15)
Served asset /application-8a8b7a110d5082f9498e7c1b636ff9a9.js - 500 Internal Server Error


Compiled jquery.js  (2ms)  (pid 603)
Compiled jquery_ujs.js  (0ms)  (pid 603)
Compiled twitter/bootstrap/bootstrap-transition.js  (0ms)  (pid 603)
Compiled twitter/bootstrap/bootstrap-alert.js  (0ms)  (pid 603)
Compiled twitter/bootstrap/bootstrap-modal.js  (0ms)  (pid 603)
Compiled twitter/bootstrap/bootstrap-dropdown.js  (0ms)  (pid 603)
Compiled twitter/bootstrap/bootstrap-scrollspy.js  (0ms)  (pid 603)
Compiled twitter/bootstrap/bootstrap-tab.js  (0ms)  (pid 603)
Compiled twitter/bootstrap/bootstrap-tooltip.js  (0ms)  (pid 603)
Compiled twitter/bootstrap/bootstrap-popover.js  (0ms)  (pid 603)
Compiled twitter/bootstrap/bootstrap-button.js  (0ms)  (pid 603)
Compiled twitter/bootstrap/bootstrap-collapse.js  (0ms)  (pid 603)
Compiled twitter/bootstrap/bootstrap-carousel.js  (0ms)  (pid 603)
Compiled twitter/bootstrap/bootstrap-typeahead.js  (0ms)  (pid 603)
Compiled twitter/bootstrap/bootstrap-affix.js  (0ms)  (pid 603)
Compiled twitter/bootstrap.js  (2197ms)  (pid 603)
Compiled ajax.js  (77ms)  (pid 603)
Compiled articles.js  (0ms)  (pid 603)
Compiled bootstrap.js  (6ms)  (pid 603)
Compiled comments.js  (0ms)  (pid 603)
Compiled messages.js  (0ms)  (pid 603)
Compiled pages.js  (0ms)  (pid 603)
Compiled search.js  (0ms)  (pid 603)
Compiled sections.js  (0ms)  (pid 603)
Compiled sessions.js  (0ms)  (pid 603)
Compiled sources.js  (0ms)  (pid 603)
Compiled sub_sections.js  (0ms)  (pid 603)
Compiled titles.js  (1ms)  (pid 603)
Compiled users.js  (0ms)  (pid 603)
Compiled application.js  (9199ms)  (pid 603)
Compiled about.css  (0ms)  (pid 603)
Compiled admin_messages.css  (0ms)  (pid 603)
Compiled articles.css  (0ms)  (pid 603)
Compiled bootstrap_and_overrides.css  (1585ms)  (pid 603)
Compiled comments.css  (0ms)  (pid 603)
Compiled layout.css  (0ms)  (pid 603)
Compiled session.css  (0ms)  (pid 603)
Compiled sources.css  (0ms)  (pid 603)
Compiled application.css  (3384ms)  (pid 603)
Compiled jquery.js  (761ms)  (pid 603)
Compiled jquery_ujs.js  (0ms)  (pid 603)
Compiled twitter/bootstrap/bootstrap-transition.js  (0ms)  (pid 603)
Compiled twitter/bootstrap/bootstrap-alert.js  (0ms)  (pid 603)
Compiled twitter/bootstrap/bootstrap-modal.js  (0ms)  (pid 603)
Compiled twitter/bootstrap/bootstrap-dropdown.js  (0ms)  (pid 603)
Compiled twitter/bootstrap/bootstrap-scrollspy.js  (0ms)  (pid 603)
Compiled twitter/bootstrap/bootstrap-tab.js  (0ms)  (pid 603)
Compiled twitter/bootstrap/bootstrap-tooltip.js  (0ms)  (pid 603)
Compiled twitter/bootstrap/bootstrap-popover.js  (0ms)  (pid 603)
Compiled twitter/bootstrap/bootstrap-button.js  (0ms)  (pid 603)
Compiled twitter/bootstrap/bootstrap-collapse.js  (0ms)  (pid 603)
Compiled twitter/bootstrap/bootstrap-carousel.js  (0ms)  (pid 603)
Compiled twitter/bootstrap/bootstrap-typeahead.js  (0ms)  (pid 603)
Compiled twitter/bootstrap/bootstrap-affix.js  (0ms)  (pid 603)
Compiled twitter/bootstrap.js  (5529ms)  (pid 603)
Compiled ajax.js  (58ms)  (pid 603)
Compiled articles.js  (0ms)  (pid 603)
Compiled bootstrap.js  (6ms)  (pid 603)
Compiled comments.js  (0ms)  (pid 603)
Compiled messages.js  (0ms)  (pid 603)
Compiled pages.js  (0ms)  (pid 603)
Compiled search.js  (1ms)  (pid 603)
Compiled sections.js  (1ms)  (pid 603)
Compiled sessions.js  (1ms)  (pid 603)
Compiled sources.js  (0ms)  (pid 603)
Compiled sub_sections.js  (0ms)  (pid 603)
Compiled titles.js  (0ms)  (pid 603)
Compiled users.js  (0ms)  (pid 603)
Compiled application.js  (11000ms)  (pid 603)
Compiled about.css  (0ms)  (pid 603)
Compiled admin_messages.css  (0ms)  (pid 603)
Compiled articles.css  (0ms)  (pid 603)
Compiled bootstrap_and_overrides.css  (1094ms)  (pid 603)
Compiled comments.css  (0ms)  (pid 603)
Compiled layout.css  (0ms)  (pid 603)
Compiled session.css  (0ms)  (pid 603)
Compiled sources.css  (0ms)  (pid 603)
Compiled application.css  (3333ms)  (pid 603)
Connecting to database specified by database.yml
Started GET "/" for 127.0.0.1 at 2013-04-30 11:57:04 -0600
Processing by ArticlesController#index as HTML
  Rendered articles/index.html.erb within layouts/application (6.1ms)
Completed 200 OK in 57ms (Views: 18.9ms | ActiveRecord: 2.0ms)
Started GET "/assets/application-8a8b7a110d5082f9498e7c1b636ff9a9.js" for 127.0.0.1 at 2013-04-30 11:57:04 -0600
Served asset /application-8a8b7a110d5082f9498e7c1b636ff9a9.js - 200 OK (27ms)
Started GET "/articles" for 127.0.0.1 at 2013-04-30 11:57:06 -0600
Processing by ArticlesController#index as HTML
  Rendered articles/index.html.erb within layouts/application (1.0ms)
Completed 200 OK in 5ms (Views: 4.0ms | ActiveRecord: 0.3ms)
Started GET "/about" for 127.0.0.1 at 2013-04-30 11:57:07 -0600
Processing by PagesController#about as HTML
  Rendered pages/about.html.erb within layouts/application (2.7ms)
Completed 200 OK in 10ms (Views: 9.4ms | ActiveRecord: 0.0ms)
Started GET "/" for 127.0.0.1 at 2013-04-30 11:57:07 -0600
Processing by ArticlesController#index as HTML
  Rendered articles/index.html.erb within layouts/application (0.7ms)
Completed 200 OK in 5ms (Views: 4.2ms | ActiveRecord: 0.3ms)
Started GET "/articles" for 127.0.0.1 at 2013-04-30 11:57:08 -0600
Processing by ArticlesController#index as HTML
  Rendered articles/index.html.erb within layouts/application (0.6ms)
Completed 200 OK in 5ms (Views: 4.3ms | ActiveRecord: 0.2ms)
Compiled jquery.js  (3ms)  (pid 651)
Compiled jquery_ujs.js  (0ms)  (pid 651)
Compiled twitter/bootstrap/bootstrap-transition.js  (0ms)  (pid 651)
Compiled twitter/bootstrap/bootstrap-alert.js  (0ms)  (pid 651)
Compiled twitter/bootstrap/bootstrap-modal.js  (0ms)  (pid 651)
Compiled twitter/bootstrap/bootstrap-dropdown.js  (0ms)  (pid 651)
Compiled twitter/bootstrap/bootstrap-scrollspy.js  (0ms)  (pid 651)
Compiled twitter/bootstrap/bootstrap-tab.js  (0ms)  (pid 651)
Compiled twitter/bootstrap/bootstrap-tooltip.js  (0ms)  (pid 651)
Compiled twitter/bootstrap/bootstrap-popover.js  (0ms)  (pid 651)
Compiled twitter/bootstrap/bootstrap-button.js  (0ms)  (pid 651)
Compiled twitter/bootstrap/bootstrap-collapse.js  (0ms)  (pid 651)
Compiled twitter/bootstrap/bootstrap-carousel.js  (0ms)  (pid 651)
Compiled twitter/bootstrap/bootstrap-typeahead.js  (0ms)  (pid 651)
Compiled twitter/bootstrap/bootstrap-affix.js  (0ms)  (pid 651)
Compiled twitter/bootstrap.js  (2217ms)  (pid 651)
Compiled ajax.js  (52ms)  (pid 651)
Compiled articles.js  (0ms)  (pid 651)
Compiled bootstrap.js  (6ms)  (pid 651)
Compiled comments.js  (0ms)  (pid 651)
Compiled messages.js  (0ms)  (pid 651)
Compiled pages.js  (0ms)  (pid 651)
Compiled search.js  (0ms)  (pid 651)
Compiled sections.js  (1ms)  (pid 651)
Compiled sessions.js  (0ms)  (pid 651)
Compiled sources.js  (0ms)  (pid 651)
Compiled sub_sections.js  (0ms)  (pid 651)
Compiled titles.js  (0ms)  (pid 651)
Compiled users.js  (0ms)  (pid 651)
Compiled application.js  (8521ms)  (pid 651)
Compiled about.css  (0ms)  (pid 651)
Compiled admin_messages.css  (0ms)  (pid 651)
Compiled articles.css  (0ms)  (pid 651)
Compiled bootstrap_and_overrides.css  (2546ms)  (pid 651)
Compiled comments.css  (0ms)  (pid 651)
Compiled layout.css  (0ms)  (pid 651)
Compiled session.css  (0ms)  (pid 651)
Compiled sources.css  (0ms)  (pid 651)
Compiled application.css  (2946ms)  (pid 651)
Compiled jquery.js  (2ms)  (pid 651)
Compiled jquery_ujs.js  (0ms)  (pid 651)
Compiled twitter/bootstrap/bootstrap-transition.js  (0ms)  (pid 651)
Compiled twitter/bootstrap/bootstrap-alert.js  (0ms)  (pid 651)
Compiled twitter/bootstrap/bootstrap-modal.js  (0ms)  (pid 651)
Compiled twitter/bootstrap/bootstrap-dropdown.js  (0ms)  (pid 651)
Compiled twitter/bootstrap/bootstrap-scrollspy.js  (0ms)  (pid 651)
Compiled twitter/bootstrap/bootstrap-tab.js  (0ms)  (pid 651)
Compiled twitter/bootstrap/bootstrap-tooltip.js  (0ms)  (pid 651)
Compiled twitter/bootstrap/bootstrap-popover.js  (0ms)  (pid 651)
Compiled twitter/bootstrap/bootstrap-button.js  (0ms)  (pid 651)
Compiled twitter/bootstrap/bootstrap-collapse.js  (0ms)  (pid 651)
Compiled twitter/bootstrap/bootstrap-carousel.js  (0ms)  (pid 651)
Compiled twitter/bootstrap/bootstrap-typeahead.js  (0ms)  (pid 651)
Compiled twitter/bootstrap/bootstrap-affix.js  (0ms)  (pid 651)
Compiled twitter/bootstrap.js  (1636ms)  (pid 651)
Compiled ajax.js  (73ms)  (pid 651)
Compiled articles.js  (0ms)  (pid 651)
Compiled bootstrap.js  (9ms)  (pid 651)
Compiled comments.js  (0ms)  (pid 651)
Compiled messages.js  (1ms)  (pid 651)
Compiled pages.js  (0ms)  (pid 651)
Compiled search.js  (1ms)  (pid 651)
Compiled sections.js  (1ms)  (pid 651)
Compiled sessions.js  (1ms)  (pid 651)
Compiled sources.js  (1ms)  (pid 651)
Compiled sub_sections.js  (1ms)  (pid 651)
Compiled titles.js  (0ms)  (pid 651)
Compiled users.js  (0ms)  (pid 651)
Compiled application.js  (7749ms)  (pid 651)
Compiled about.css  (0ms)  (pid 651)
Compiled admin_messages.css  (0ms)  (pid 651)
Compiled articles.css  (0ms)  (pid 651)
Compiled bootstrap_and_overrides.css  (1140ms)  (pid 651)
Compiled comments.css  (0ms)  (pid 651)
Compiled layout.css  (0ms)  (pid 651)
Compiled session.css  (0ms)  (pid 651)
Compiled sources.css  (0ms)  (pid 651)
Compiled application.css  (2227ms)  (pid 651)
Compiled jquery.js  (1ms)  (pid 662)
Compiled jquery_ujs.js  (0ms)  (pid 662)
Compiled twitter/bootstrap/bootstrap-transition.js  (0ms)  (pid 662)
Compiled twitter/bootstrap/bootstrap-alert.js  (0ms)  (pid 662)
Compiled twitter/bootstrap/bootstrap-modal.js  (0ms)  (pid 662)
Compiled twitter/bootstrap/bootstrap-dropdown.js  (0ms)  (pid 662)
Compiled twitter/bootstrap/bootstrap-scrollspy.js  (0ms)  (pid 662)
Compiled twitter/bootstrap/bootstrap-tab.js  (0ms)  (pid 662)
Compiled twitter/bootstrap/bootstrap-tooltip.js  (0ms)  (pid 662)
Compiled twitter/bootstrap/bootstrap-popover.js  (0ms)  (pid 662)
Compiled twitter/bootstrap/bootstrap-button.js  (0ms)  (pid 662)
Compiled twitter/bootstrap/bootstrap-collapse.js  (0ms)  (pid 662)
Compiled twitter/bootstrap/bootstrap-carousel.js  (0ms)  (pid 662)
Compiled twitter/bootstrap/bootstrap-typeahead.js  (0ms)  (pid 662)
Compiled twitter/bootstrap/bootstrap-affix.js  (0ms)  (pid 662)
Compiled twitter/bootstrap.js  (1059ms)  (pid 662)
Compiled ajax.js  (53ms)  (pid 662)
Compiled articles.js  (0ms)  (pid 662)
Compiled bootstrap.js  (6ms)  (pid 662)
Compiled comments.js  (0ms)  (pid 662)
Compiled messages.js  (0ms)  (pid 662)
Compiled pages.js  (1ms)  (pid 662)
Compiled search.js  (0ms)  (pid 662)
Compiled sections.js  (1ms)  (pid 662)
Compiled sessions.js  (0ms)  (pid 662)
Compiled sources.js  (0ms)  (pid 662)
Compiled sub_sections.js  (1ms)  (pid 662)
Compiled titles.js  (9ms)  (pid 662)
Compiled users.js  (0ms)  (pid 662)
Compiled application.js  (7940ms)  (pid 662)
Compiled about.css  (0ms)  (pid 662)
Compiled admin_messages.css  (0ms)  (pid 662)
Compiled articles.css  (0ms)  (pid 662)
Compiled bootstrap_and_overrides.css  (2080ms)  (pid 662)
Compiled comments.css  (0ms)  (pid 662)
Compiled layout.css  (0ms)  (pid 662)
Compiled session.css  (0ms)  (pid 662)
Compiled sources.css  (0ms)  (pid 662)
Compiled application.css  (3605ms)  (pid 662)
Compiled jquery.js  (2ms)  (pid 662)
Compiled jquery_ujs.js  (0ms)  (pid 662)
Compiled twitter/bootstrap/bootstrap-transition.js  (0ms)  (pid 662)
Compiled twitter/bootstrap/bootstrap-alert.js  (0ms)  (pid 662)
Compiled twitter/bootstrap/bootstrap-modal.js  (0ms)  (pid 662)
Compiled twitter/bootstrap/bootstrap-dropdown.js  (0ms)  (pid 662)
Compiled twitter/bootstrap/bootstrap-scrollspy.js  (0ms)  (pid 662)
Compiled twitter/bootstrap/bootstrap-tab.js  (0ms)  (pid 662)
Compiled twitter/bootstrap/bootstrap-tooltip.js  (0ms)  (pid 662)
Compiled twitter/bootstrap/bootstrap-popover.js  (0ms)  (pid 662)
Compiled twitter/bootstrap/bootstrap-button.js  (0ms)  (pid 662)
Compiled twitter/bootstrap/bootstrap-collapse.js  (0ms)  (pid 662)
Compiled twitter/bootstrap/bootstrap-carousel.js  (0ms)  (pid 662)
Compiled twitter/bootstrap/bootstrap-typeahead.js  (0ms)  (pid 662)
Compiled twitter/bootstrap/bootstrap-affix.js  (0ms)  (pid 662)
Compiled twitter/bootstrap.js  (4691ms)  (pid 662)
Compiled ajax.js  (54ms)  (pid 662)
Compiled articles.js  (0ms)  (pid 662)
Compiled bootstrap.js  (6ms)  (pid 662)
Compiled comments.js  (0ms)  (pid 662)
Compiled messages.js  (0ms)  (pid 662)
Compiled pages.js  (0ms)  (pid 662)
Compiled search.js  (0ms)  (pid 662)
Compiled sections.js  (1ms)  (pid 662)
Compiled sessions.js  (0ms)  (pid 662)
Compiled sources.js  (1ms)  (pid 662)
Compiled sub_sections.js  (0ms)  (pid 662)
Compiled titles.js  (0ms)  (pid 662)
Compiled users.js  (0ms)  (pid 662)
Compiled application.js  (13551ms)  (pid 662)
Compiled about.css  (0ms)  (pid 662)
Compiled admin_messages.css  (0ms)  (pid 662)
Compiled articles.css  (0ms)  (pid 662)
Compiled bootstrap_and_overrides.css  (3162ms)  (pid 662)
Compiled comments.css  (0ms)  (pid 662)
Compiled layout.css  (0ms)  (pid 662)
Compiled session.css  (0ms)  (pid 662)
Compiled sources.css  (0ms)  (pid 662)
Compiled application.css  (5116ms)  (pid 662)
Connecting to database specified by database.yml
Connecting to database specified by database.yml
Started GET "/" for 127.0.0.1 at 2013-05-01 14:01:25 -0600
Processing by ArticlesController#index as HTML
  Rendered articles/index.html.erb within layouts/application (8.8ms)
Completed 200 OK in 66ms (Views: 23.2ms | ActiveRecord: 3.8ms)
Started GET "/assets/application-8a8b7a110d5082f9498e7c1b636ff9a9.js" for 127.0.0.1 at 2013-05-01 14:01:25 -0600
Served asset /application-8a8b7a110d5082f9498e7c1b636ff9a9.js - 200 OK (524ms)
Started GET "/assets/application-3c486b86a860ef6e5d66e1504d00b8a2.css" for 127.0.0.1 at 2013-05-01 14:01:25 -0600
Served asset /application-3c486b86a860ef6e5d66e1504d00b8a2.css - 200 OK (653ms)
Started GET "/assets/find-f72764c85fe9e1df067cc6e0192b5a6d.png" for 127.0.0.1 at 2013-05-01 14:01:26 -0600
Served asset /find-f72764c85fe9e1df067cc6e0192b5a6d.png - 200 OK (103ms)
Started GET "/articles" for 127.0.0.1 at 2013-05-01 14:01:30 -0600
Processing by ArticlesController#index as HTML
  Rendered articles/index.html.erb within layouts/application (0.9ms)
Completed 200 OK in 5ms (Views: 4.3ms | ActiveRecord: 0.3ms)
Connecting to database specified by database.yml
Started GET "/" for 127.0.0.1 at 2013-05-01 22:28:26 -0600
Processing by ArticlesController#index as HTML
  Rendered articles/index.html.erb within layouts/application (7.2ms)
Completed 200 OK in 56ms (Views: 17.4ms | ActiveRecord: 3.2ms)
Started GET "/articles" for 127.0.0.1 at 2013-05-01 22:28:27 -0600
Processing by ArticlesController#index as HTML
  Rendered articles/index.html.erb within layouts/application (0.7ms)
Completed 200 OK in 4ms (Views: 3.8ms | ActiveRecord: 0.3ms)
